NeoChat-final_project/build/app/intermediates/manifest_merge_blame_file/debug/manifest-merger-blame-debug-report.txt
1<?xml version="1.0" encoding="utf-8"?>
2<manifest xmlns:android="http://schemas.android.com/apk/res/android"
3    package="com.prash.flutter_firebase"
4    android:versionCode="1"
5    android:versionName="1.0.0" >
6
7    <uses-sdk
8        android:minSdkVersion="21"
9        android:targetSdkVersion="28" />
10    <!--
11         Flutter needs it to communicate with the running application
12         to allow setting breakpoints, to provide hot reload, etc.
13    -->
14    <uses-permission android:name="android.permission.INTERNET" />
14-->src/debug/AndroidManifest.xml:6:5-66
14-->src/debug/AndroidManifest.xml:6:22-64
15    <uses-permission android:name="android.permission.WAKE_LOCK" />
15-->[:firebase_messaging] AndroidManifest.xml:8:5-68
15-->[:firebase_messaging] AndroidManifest.xml:8:22-65
16    <uses-permission android:name="android.permission.ACCESS_NETWORK_STATE" />
16-->[:firebase_messaging] AndroidManifest.xml:9:5-79
16-->[:firebase_messaging] AndroidManifest.xml:9:22-76
17    <uses-permission android:name="android.permission.READ_EXTERNAL_STORAGE" />
17-->[:image_picker] AndroidManifest.xml:7:5-80
17-->[:image_picker] AndroidManifest.xml:7:22-77
18    <uses-permission android:name="android.permission.WRITE_EXTERNAL_STORAGE" /> <!-- Required by older versions of Google Play services to create IID tokens -->
18-->[:image_picker] AndroidManifest.xml:8:5-81
18-->[:image_picker] AndroidManifest.xml:8:22-78
19    <uses-permission android:name="com.google.android.c2dm.permission.RECEIVE" />
19-->[com.google.firebase:firebase-messaging:22.0.0] AndroidManifest.xml:25:5-82
19-->[com.google.firebase:firebase-messaging:22.0.0] AndroidManifest.xml:25:22-79
20    <!--
21 io.flutter.app.FlutterApplication is an android.app.Application that
22         calls FlutterMain.startInitialization(this); in its onCreate method.
23         In most cases you can leave this as-is, but you if you want to provide
24         additional functionality it is fine to subclass or reimplement
25         FlutterApplication and put your custom class here.
26    -->
27    <application
27-->src/main/AndroidManifest.xml:8:5-46:19
28        android:name="io.flutter.app.FlutterApplication"
28-->src/main/AndroidManifest.xml:9:9-57
29        android:appComponentFactory="androidx.core.app.CoreComponentFactory"
29-->[androidx.core:core:1.1.0] AndroidManifest.xml:24:18-86
30        android:debuggable="true"
31        android:icon="@mipmap/ic_launcher"
31-->src/main/AndroidManifest.xml:11:9-43
32        android:label="flutter_firebase" >
32-->src/main/AndroidManifest.xml:10:9-41
33        <activity
33-->src/main/AndroidManifest.xml:12:9-40:20
34            android:name="com.example.flutter_firebase.MainActivity"
34-->src/main/AndroidManifest.xml:13:13-41
35            android:configChanges="orientation|keyboardHidden|keyboard|screenSize|smallestScreenSize|locale|layoutDirection|fontScale|screenLayout|density|uiMode"
35-->src/main/AndroidManifest.xml:16:13-163
36            android:hardwareAccelerated="true"
36-->src/main/AndroidManifest.xml:17:13-47
37            android:launchMode="singleTop"
37-->src/main/AndroidManifest.xml:14:13-43
38            android:theme="@style/LaunchTheme"
38-->src/main/AndroidManifest.xml:15:13-47
39            android:windowSoftInputMode="adjustResize" >
39-->src/main/AndroidManifest.xml:18:13-55
40
41            <!--
42                 Specifies an Android theme to apply to this Activity as soon as
43                 the Android process has started. This theme is visible to the user
44                 while the Flutter UI initializes. After that, this theme continues
45                 to determine the Window background behind the Flutter UI.
46            -->
47            <meta-data
47-->src/main/AndroidManifest.xml:23:13-26:17
48                android:name="io.flutter.embedding.android.NormalTheme"
48-->src/main/AndroidManifest.xml:24:15-70
49                android:resource="@style/NormalTheme" />
49-->src/main/AndroidManifest.xml:25:15-52
50            <!--
51                 Displays an Android View that continues showing the launch screen
52                 Drawable until Flutter paints its first frame, then this splash
53                 screen fades out. A splash screen is useful to avoid any visual
54                 gap between the end of Android's launch screen and the painting of
55                 Flutter's first frame.
56            -->
57            <meta-data
57-->src/main/AndroidManifest.xml:32:13-35:17
58                android:name="io.flutter.embedding.android.SplashScreenDrawable"
58-->src/main/AndroidManifest.xml:33:15-79
59                android:resource="@drawable/launch_background" />
59-->src/main/AndroidManifest.xml:34:15-61
60
61            <intent-filter>
61-->src/main/AndroidManifest.xml:36:13-39:29
62                <action android:name="android.intent.action.MAIN" />
62-->src/main/AndroidManifest.xml:37:17-68
62-->src/main/AndroidManifest.xml:37:25-66
63
64                <category android:name="android.intent.category.LAUNCHER" />
64-->src/main/AndroidManifest.xml:38:17-76
64-->src/main/AndroidManifest.xml:38:27-74
65            </intent-filter>
66        </activity>
67        <!--
68             Don't delete the meta-data below.
69             This is used by the Flutter tool to generate GeneratedPluginRegistrant.java
70        -->
71        <meta-data
71-->src/main/AndroidManifest.xml:43:9-45:33
72            android:name="flutterEmbedding"
72-->src/main/AndroidManifest.xml:44:13-44
73            android:value="2" />
73-->src/main/AndroidManifest.xml:45:13-30
74
75        <service
75-->[:firebase_auth] AndroidManifest.xml:8:9-12:19
76            android:name="com.google.firebase.components.ComponentDiscoveryService"
76-->[:firebase_auth] AndroidManifest.xml:8:18-89
77            android:directBootAware="true"
77-->[com.google.firebase:firebase-common:20.0.0] AndroidManifest.xml:35:13-43
78            android:exported="false" >
78-->[com.google.firebase:firebase-auth:21.0.1] AndroidManifest.xml:76:13-37
79            <meta-data
79-->[:firebase_auth] AndroidManifest.xml:9:13-11:85
80                android:name="com.google.firebase.components:io.flutter.plugins.firebase.auth.FlutterFirebaseAuthRegistrar"
80-->[:firebase_auth] AndroidManifest.xml:10:17-124
81                android:value="com.google.firebase.components.ComponentRegistrar" />
81-->[:firebase_auth] AndroidManifest.xml:11:17-82
82            <meta-data
82-->[:firebase_storage] AndroidManifest.xml:9:13-11:85
83                android:name="com.google.firebase.components:io.flutter.plugins.firebase.storage.FlutterFirebaseAppRegistrar"
83-->[:firebase_storage] AndroidManifest.xml:10:17-126
84                android:value="com.google.firebase.components.ComponentRegistrar" />
84-->[:firebase_storage] AndroidManifest.xml:11:17-82
85            <meta-data
85-->[:cloud_firestore] AndroidManifest.xml:9:13-11:85
86                android:name="com.google.firebase.components:io.flutter.plugins.firebase.firestore.FlutterFirebaseFirestoreRegistrar"
86-->[:cloud_firestore] AndroidManifest.xml:10:17-134
87                android:value="com.google.firebase.components.ComponentRegistrar" />
87-->[:cloud_firestore] AndroidManifest.xml:11:17-82
88            <meta-data
88-->[:firebase_messaging] AndroidManifest.xml:34:13-36:85
89                android:name="com.google.firebase.components:io.flutter.plugins.firebase.messaging.FlutterFirebaseAppRegistrar"
89-->[:firebase_messaging] AndroidManifest.xml:35:17-128
90                android:value="com.google.firebase.components.ComponentRegistrar" />
90-->[:firebase_messaging] AndroidManifest.xml:36:17-82
91            <meta-data
91-->[:firebase_core] AndroidManifest.xml:9:13-11:85
92                android:name="com.google.firebase.components:io.flutter.plugins.firebase.core.FlutterFirebaseCoreRegistrar"
92-->[:firebase_core] AndroidManifest.xml:10:17-124
93                android:value="com.google.firebase.components.ComponentRegistrar" />
93-->[:firebase_core] AndroidManifest.xml:11:17-82
94            <meta-data
94-->[com.google.firebase:firebase-auth:21.0.1] AndroidManifest.xml:77:13-79:85
95                android:name="com.google.firebase.components:com.google.firebase.auth.FirebaseAuthRegistrar"
95-->[com.google.firebase:firebase-auth:21.0.1] AndroidManifest.xml:78:17-109
96                android:value="com.google.firebase.components.ComponentRegistrar" />
96-->[com.google.firebase:firebase-auth:21.0.1] AndroidManifest.xml:79:17-82
97            <meta-data
97-->[com.google.firebase:firebase-firestore:23.0.1] AndroidManifest.xml:20:13-22:85
98                android:name="com.google.firebase.components:com.google.firebase.firestore.FirestoreRegistrar"
98-->[com.google.firebase:firebase-firestore:23.0.1] AndroidManifest.xml:21:17-111
99                android:value="com.google.firebase.components.ComponentRegistrar" />
99-->[com.google.firebase:firebase-firestore:23.0.1] AndroidManifest.xml:22:17-82
100            <meta-data
100-->[com.google.firebase:firebase-messaging:22.0.0] AndroidManifest.xml:52:13-54:85
101                android:name="com.google.firebase.components:com.google.firebase.messaging.FirebaseMessagingRegistrar"
101-->[com.google.firebase:firebase-messaging:22.0.0] AndroidManifest.xml:53:17-119
102                android:value="com.google.firebase.components.ComponentRegistrar" />
102-->[com.google.firebase:firebase-messaging:22.0.0] AndroidManifest.xml:54:17-82
103            <meta-data
103-->[com.google.firebase:firebase-storage:20.0.0] AndroidManifest.xml:33:13-35:85
104                android:name="com.google.firebase.components:com.google.firebase.storage.StorageRegistrar"
104-->[com.google.firebase:firebase-storage:20.0.0] AndroidManifest.xml:34:17-107
105                android:value="com.google.firebase.components.ComponentRegistrar" />
105-->[com.google.firebase:firebase-storage:20.0.0] AndroidManifest.xml:35:17-82
106            <meta-data
106-->[com.google.firebase:firebase-datatransport:18.0.0] AndroidManifest.xml:28:13-30:85
107                android:name="com.google.firebase.components:com.google.firebase.datatransport.TransportRegistrar"
107-->[com.google.firebase:firebase-datatransport:18.0.0] AndroidManifest.xml:29:17-115
108                android:value="com.google.firebase.components.ComponentRegistrar" />
108-->[com.google.firebase:firebase-datatransport:18.0.0] AndroidManifest.xml:30:17-82
109            <meta-data
109-->[com.google.firebase:firebase-installations:17.0.0] AndroidManifest.xml:18:13-20:85
110                android:name="com.google.firebase.components:com.google.firebase.installations.FirebaseInstallationsRegistrar"
110-->[com.google.firebase:firebase-installations:17.0.0] AndroidManifest.xml:19:17-127
111                android:value="com.google.firebase.components.ComponentRegistrar" />
111-->[com.google.firebase:firebase-installations:17.0.0] AndroidManifest.xml:20:17-82
112        </service>
113        <service
113-->[:firebase_messaging] AndroidManifest.xml:12:9-15:72
114            android:name="io.flutter.plugins.firebase.messaging.FlutterFirebaseMessagingBackgroundService"
114-->[:firebase_messaging] AndroidManifest.xml:13:13-107
115            android:exported="false"
115-->[:firebase_messaging] AndroidManifest.xml:14:13-37
116            android:permission="android.permission.BIND_JOB_SERVICE" />
116-->[:firebase_messaging] AndroidManifest.xml:15:13-69
117        <service
117-->[:firebase_messaging] AndroidManifest.xml:16:9-22:19
118            android:name="io.flutter.plugins.firebase.messaging.FlutterFirebaseMessagingService"
118-->[:firebase_messaging] AndroidManifest.xml:17:13-97
119            android:exported="false" >
119-->[:firebase_messaging] AndroidManifest.xml:18:13-37
120            <intent-filter>
120-->[:firebase_messaging] AndroidManifest.xml:19:13-21:29
121                <action android:name="com.google.firebase.MESSAGING_EVENT" />
121-->[:firebase_messaging] AndroidManifest.xml:20:17-78
121-->[:firebase_messaging] AndroidManifest.xml:20:25-75
122            </intent-filter>
123        </service>
124
125        <receiver
125-->[:firebase_messaging] AndroidManifest.xml:24:9-31:20
126            android:name="io.flutter.plugins.firebase.messaging.FlutterFirebaseMessagingReceiver"
126-->[:firebase_messaging] AndroidManifest.xml:25:13-98
127            android:exported="true"
127-->[:firebase_messaging] AndroidManifest.xml:26:13-36
128            android:permission="com.google.android.c2dm.permission.SEND" >
128-->[:firebase_messaging] AndroidManifest.xml:27:13-73
129            <intent-filter>
129-->[:firebase_messaging] AndroidManifest.xml:28:13-30:29
130                <action android:name="com.google.android.c2dm.intent.RECEIVE" />
130-->[:firebase_messaging] AndroidManifest.xml:29:17-81
130-->[:firebase_messaging] AndroidManifest.xml:29:25-78
131            </intent-filter>
132        </receiver>
133
134        <provider
134-->[:firebase_messaging] AndroidManifest.xml:39:9-43:38
135            android:name="io.flutter.plugins.firebase.messaging.FlutterFirebaseMessagingInitProvider"
135-->[:firebase_messaging] AndroidManifest.xml:40:13-102
136            android:authorities="com.prash.flutter_firebase.flutterfirebasemessaginginitprovider"
136-->[:firebase_messaging] AndroidManifest.xml:41:13-88
137            android:exported="false"
137-->[:firebase_messaging] AndroidManifest.xml:42:13-37
138            android:initOrder="99" />
138-->[:firebase_messaging] AndroidManifest.xml:43:13-35
139        <provider
139-->[:image_picker] AndroidManifest.xml:11:9-19:20
140            android:name="io.flutter.plugins.imagepicker.ImagePickerFileProvider"
140-->[:image_picker] AndroidManifest.xml:12:13-82
141            android:authorities="com.prash.flutter_firebase.flutter.image_provider"
141-->[:image_picker] AndroidManifest.xml:13:13-74
142            android:exported="false"
142-->[:image_picker] AndroidManifest.xml:14:13-37
143            android:grantUriPermissions="true" >
143-->[:image_picker] AndroidManifest.xml:15:13-47
144            <meta-data
144-->[:image_picker] AndroidManifest.xml:16:13-18:75
145                android:name="android.support.FILE_PROVIDER_PATHS"
145-->[:image_picker] AndroidManifest.xml:17:17-67
146                android:resource="@xml/flutter_image_picker_file_paths" />
146-->[:image_picker] AndroidManifest.xml:18:17-72
147        </provider>
148
149        <activity
149-->[com.google.firebase:firebase-auth:21.0.1] AndroidManifest.xml:27:9-44:20
150            android:name="com.google.firebase.auth.internal.GenericIdpActivity"
150-->[com.google.firebase:firebase-auth:21.0.1] AndroidManifest.xml:28:13-80
151            android:excludeFromRecents="true"
151-->[com.google.firebase:firebase-auth:21.0.1] AndroidManifest.xml:29:13-46
152            android:exported="true"
152-->[com.google.firebase:firebase-auth:21.0.1] AndroidManifest.xml:30:13-36
153            android:launchMode="singleTask"
153-->[com.google.firebase:firebase-auth:21.0.1] AndroidManifest.xml:31:13-44
154            android:theme="@android:style/Theme.Translucent.NoTitleBar" >
154-->[com.google.firebase:firebase-auth:21.0.1] AndroidManifest.xml:32:13-72
155            <intent-filter>
155-->[com.google.firebase:firebase-auth:21.0.1] AndroidManifest.xml:33:13-43:29
156                <action android:name="android.intent.action.VIEW" />
156-->[com.google.firebase:firebase-auth:21.0.1] AndroidManifest.xml:34:17-69
156-->[com.google.firebase:firebase-auth:21.0.1] AndroidManifest.xml:34:25-66
157
158                <category android:name="android.intent.category.DEFAULT" />
158-->[com.google.firebase:firebase-auth:21.0.1] AndroidManifest.xml:36:17-76
158-->[com.google.firebase:firebase-auth:21.0.1] AndroidManifest.xml:36:27-73
159                <category android:name="android.intent.category.BROWSABLE" />
159-->[com.google.firebase:firebase-auth:21.0.1] AndroidManifest.xml:37:17-78
159-->[com.google.firebase:firebase-auth:21.0.1] AndroidManifest.xml:37:27-75
160
161                <data
161-->[com.google.firebase:firebase-auth:21.0.1] AndroidManifest.xml:39:17-42:51
162                    android:host="firebase.auth"
162-->[com.google.firebase:firebase-auth:21.0.1] AndroidManifest.xml:40:21-49
163                    android:path="/"
163-->[com.google.firebase:firebase-auth:21.0.1] AndroidManifest.xml:41:21-37
164                    android:scheme="genericidp" />
164-->[com.google.firebase:firebase-auth:21.0.1] AndroidManifest.xml:42:21-48
165            </intent-filter>
166        </activity>
167        <activity
167-->[com.google.firebase:firebase-auth:21.0.1] AndroidManifest.xml:45:9-62:20
168            android:name="com.google.firebase.auth.internal.RecaptchaActivity"
168-->[com.google.firebase:firebase-auth:21.0.1] AndroidManifest.xml:46:13-79
169            android:excludeFromRecents="true"
169-->[com.google.firebase:firebase-auth:21.0.1] AndroidManifest.xml:47:13-46
170            android:exported="true"
170-->[com.google.firebase:firebase-auth:21.0.1] AndroidManifest.xml:48:13-36
171            android:launchMode="singleTask"
171-->[com.google.firebase:firebase-auth:21.0.1] AndroidManifest.xml:49:13-44
172            android:theme="@android:style/Theme.Translucent.NoTitleBar" >
172-->[com.google.firebase:firebase-auth:21.0.1] AndroidManifest.xml:50:13-72
173            <intent-filter>
173-->[com.google.firebase:firebase-auth:21.0.1] AndroidManifest.xml:51:13-61:29
174                <action android:name="android.intent.action.VIEW" />
174-->[com.google.firebase:firebase-auth:21.0.1] AndroidManifest.xml:34:17-69
174-->[com.google.firebase:firebase-auth:21.0.1] AndroidManifest.xml:34:25-66
175
176                <category android:name="android.intent.category.DEFAULT" />
176-->[com.google.firebase:firebase-auth:21.0.1] AndroidManifest.xml:36:17-76
176-->[com.google.firebase:firebase-auth:21.0.1] AndroidManifest.xml:36:27-73
177                <category android:name="android.intent.category.BROWSABLE" />
177-->[com.google.firebase:firebase-auth:21.0.1] AndroidManifest.xml:37:17-78
177-->[com.google.firebase:firebase-auth:21.0.1] AndroidManifest.xml:37:27-75
178
179                <data
179-->[com.google.firebase:firebase-auth:21.0.1] AndroidManifest.xml:39:17-42:51
180                    android:host="firebase.auth"
180-->[com.google.firebase:firebase-auth:21.0.1] AndroidManifest.xml:40:21-49
181                    android:path="/"
181-->[com.google.firebase:firebase-auth:21.0.1] AndroidManifest.xml:41:21-37
182                    android:scheme="recaptcha" />
182-->[com.google.firebase:firebase-auth:21.0.1] AndroidManifest.xml:42:21-48
183            </intent-filter>
184        </activity>
185
186        <service
186-->[com.google.firebase:firebase-auth:21.0.1] AndroidManifest.xml:64:9-73:19
187            android:name="com.google.firebase.auth.api.fallback.service.FirebaseAuthFallbackService"
187-->[com.google.firebase:firebase-auth:21.0.1] AndroidManifest.xml:65:13-101
188            android:enabled="true"
188-->[com.google.firebase:firebase-auth:21.0.1] AndroidManifest.xml:66:13-35
189            android:exported="false" >
189-->[com.google.firebase:firebase-auth:21.0.1] AndroidManifest.xml:67:13-37
190            <intent-filter>
190-->[com.google.firebase:firebase-auth:21.0.1] AndroidManifest.xml:68:13-72:29
191                <action android:name="com.google.firebase.auth.api.gms.service.START" />
191-->[com.google.firebase:firebase-auth:21.0.1] AndroidManifest.xml:69:17-89
191-->[com.google.firebase:firebase-auth:21.0.1] AndroidManifest.xml:69:25-86
192
193                <category android:name="android.intent.category.DEFAULT" />
193-->[com.google.firebase:firebase-auth:21.0.1] AndroidManifest.xml:36:17-76
193-->[com.google.firebase:firebase-auth:21.0.1] AndroidManifest.xml:36:27-73
194            </intent-filter>
195        </service>
196
197        <receiver
197-->[com.google.firebase:firebase-messaging:22.0.0] AndroidManifest.xml:28:9-35:20
198            android:name="com.google.firebase.iid.FirebaseInstanceIdReceiver"
198-->[com.google.firebase:firebase-messaging:22.0.0] AndroidManifest.xml:29:13-78
199            android:exported="true"
199-->[com.google.firebase:firebase-messaging:22.0.0] AndroidManifest.xml:30:13-36
200            android:permission="com.google.android.c2dm.permission.SEND" >
200-->[com.google.firebase:firebase-messaging:22.0.0] AndroidManifest.xml:31:13-73
201            <intent-filter>
201-->[:firebase_messaging] AndroidManifest.xml:28:13-30:29
202                <action android:name="com.google.android.c2dm.intent.RECEIVE" />
202-->[:firebase_messaging] AndroidManifest.xml:29:17-81
202-->[:firebase_messaging] AndroidManifest.xml:29:25-78
203            </intent-filter>
204        </receiver>
205        <!--
206             FirebaseMessagingService performs security checks at runtime,
207             but set to not exported to explicitly avoid allowing another app to call it.
208        -->
209        <service
209-->[com.google.firebase:firebase-messaging:22.0.0] AndroidManifest.xml:41:9-48:19
210            android:name="com.google.firebase.messaging.FirebaseMessagingService"
210-->[com.google.firebase:firebase-messaging:22.0.0] AndroidManifest.xml:42:13-82
211            android:directBootAware="true"
211-->[com.google.firebase:firebase-messaging:22.0.0] AndroidManifest.xml:43:13-43
212            android:exported="false" >
212-->[com.google.firebase:firebase-messaging:22.0.0] AndroidManifest.xml:44:13-37
213            <intent-filter android:priority="-500" >
213-->[:firebase_messaging] AndroidManifest.xml:19:13-21:29
214                <action android:name="com.google.firebase.MESSAGING_EVENT" />
214-->[:firebase_messaging] AndroidManifest.xml:20:17-78
214-->[:firebase_messaging] AndroidManifest.xml:20:25-75
215            </intent-filter>
216        </service>
217
218        <provider
218-->[com.google.firebase:firebase-common:20.0.0] AndroidManifest.xml:26:9-31:39
219            android:name="com.google.firebase.provider.FirebaseInitProvider"
219-->[com.google.firebase:firebase-common:20.0.0] AndroidManifest.xml:27:13-77
220            android:authorities="com.prash.flutter_firebase.firebaseinitprovider"
220-->[com.google.firebase:firebase-common:20.0.0] AndroidManifest.xml:28:13-72
221            android:directBootAware="true"
221-->[com.google.firebase:firebase-common:20.0.0] AndroidManifest.xml:29:13-43
222            android:exported="false"
222-->[com.google.firebase:firebase-common:20.0.0] AndroidManifest.xml:30:13-37
223            android:initOrder="100" />
223-->[com.google.firebase:firebase-common:20.0.0] AndroidManifest.xml:31:13-36
224
225        <activity
225-->[com.google.android.gms:play-services-base:17.1.0] AndroidManifest.xml:23:9-26:75
226            android:name="com.google.android.gms.common.api.GoogleApiActivity"
226-->[com.google.android.gms:play-services-base:17.1.0] AndroidManifest.xml:24:13-79
227            android:exported="false"
227-->[com.google.android.gms:play-services-base:17.1.0] AndroidManifest.xml:25:13-37
228            android:theme="@android:style/Theme.Translucent.NoTitleBar" />
228-->[com.google.android.gms:play-services-base:17.1.0] AndroidManifest.xml:26:13-72
229
230        <meta-data
230-->[com.google.android.gms:play-services-basement:17.1.0] AndroidManifest.xml:23:9-25:69
231            android:name="com.google.android.gms.version"
231-->[com.google.android.gms:play-services-basement:17.1.0] AndroidManifest.xml:24:13-58
232            android:value="@integer/google_play_services_version" />
232-->[com.google.android.gms:play-services-basement:17.1.0] AndroidManifest.xml:25:13-66
233
234        <service
234-->[com.google.android.datatransport:transport-backend-cct:3.0.0] AndroidManifest.xml:29:9-35:19
235            android:name="com.google.android.datatransport.runtime.backends.TransportBackendDiscovery"
235-->[com.google.android.datatransport:transport-backend-cct:3.0.0] AndroidManifest.xml:30:13-103
236            android:exported="false" >
236-->[com.google.android.datatransport:transport-backend-cct:3.0.0] AndroidManifest.xml:31:13-37
237            <meta-data
237-->[com.google.android.datatransport:transport-backend-cct:3.0.0] AndroidManifest.xml:32:13-34:39
238                android:name="backend:com.google.android.datatransport.cct.CctBackendFactory"
238-->[com.google.android.datatransport:transport-backend-cct:3.0.0] AndroidManifest.xml:33:17-94
239                android:value="cct" />
239-->[com.google.android.datatransport:transport-backend-cct:3.0.0] AndroidManifest.xml:34:17-36
240        </service>
241        <service
241-->[com.google.android.datatransport:transport-runtime:3.0.0] AndroidManifest.xml:26:9-30:19
242            android:name="com.google.android.datatransport.runtime.scheduling.jobscheduling.JobInfoSchedulerService"
242-->[com.google.android.datatransport:transport-runtime:3.0.0] AndroidManifest.xml:27:13-117
243            android:exported="false"
243-->[com.google.android.datatransport:transport-runtime:3.0.0] AndroidManifest.xml:28:13-37
244            android:permission="android.permission.BIND_JOB_SERVICE" >
244-->[com.google.android.datatransport:transport-runtime:3.0.0] AndroidManifest.xml:29:13-69
245        </service>
246
247        <receiver
247-->[com.google.android.datatransport:transport-runtime:3.0.0] AndroidManifest.xml:32:9-34:40
248            android:name="com.google.android.datatransport.runtime.scheduling.jobscheduling.AlarmManagerSchedulerBroadcastReceiver"
248-->[com.google.android.datatransport:transport-runtime:3.0.0] AndroidManifest.xml:33:13-132
249            android:exported="false" />
249-->[com.google.android.datatransport:transport-runtime:3.0.0] AndroidManifest.xml:34:13-37
250    </application>
251
252</manifest>